<?xml version="1.0" encoding="utf-8"?>
<TestRun id="1103de27-4337-418d-9b4b-27734e0b723d" name="@7b2a3ced07be 2018-11-19 10:59:34" xmlns="http://microsoft.com/schemas/VisualStudio/TeamTest/2010">
  <Times creation="2018-11-19T10:59:34.9567396+00:00" queuing="2018-11-19T10:59:34.9567402+00:00" start="2018-11-19T10:59:15.3906412+00:00" finish="2018-11-19T10:59:35.8208319+00:00" />
  <TestSettings name="default" id="b202f985-28fe-41a9-a41a-4acf86718ae7">
    <Deployment runDeploymentRoot="_7b2a3ced07be_2018-11-19_10_59_34" />
  </TestSettings>
  <Results>
    <UnitTestResult executionId="efc6d694-46bb-4e10-b713-a757f6c3fe9c" testId="01ee4a4c-4b61-ec68-b1de-10796cc68607" testName="Ordering.FunctionalTests.OrderingScenarios.Ship_order_no_order_created_bad_request_response" computerName="7b2a3ced07be" duration="00:00:00.2860000" startTime="2018-11-19T10:59:35.6085176+00:00" endTime="2018-11-19T10:59:35.6085196+00:00" testType="13cdc9d9-ddb5-4fa4-a97d-d965ccfc6d4b" outcome="Passed" testListId="8c84fa94-04c1-424b-9868-57a2d4851a1d" relativeResultsDirectory="efc6d694-46bb-4e10-b713-a757f6c3fe9c" />
    <UnitTestResult executionId="2d941960-e9d8-4937-bf05-f1ff88d5f11c" testId="8c1a2207-d19c-0b78-dd96-df617732922c" testName="Ordering.FunctionalTests.OrderingScenarios.Cancel_order_no_order_created_bad_request_response" computerName="7b2a3ced07be" duration="00:00:16.5510000" startTime="2018-11-19T10:59:34.9039828+00:00" endTime="2018-11-19T10:59:34.9039864+00:00" testType="13cdc9d9-ddb5-4fa4-a97d-d965ccfc6d4b" outcome="Passed" testListId="8c84fa94-04c1-424b-9868-57a2d4851a1d" relativeResultsDirectory="2d941960-e9d8-4937-bf05-f1ff88d5f11c" />
    <UnitTestResult executionId="b4af233e-48ef-4108-91ec-fb96aa83d6de" testId="37ee8be5-0517-c735-d707-a8dcd6ba7613" testName="Ordering.FunctionalTests.OrderingScenarios.Get_get_all_stored_orders_and_response_ok_status_code" computerName="7b2a3ced07be" duration="00:00:00.4140000" startTime="2018-11-19T10:59:35.3219375+00:00" endTime="2018-11-19T10:59:35.3219401+00:00" testType="13cdc9d9-ddb5-4fa4-a97d-d965ccfc6d4b" outcome="Passed" testListId="8c84fa94-04c1-424b-9868-57a2d4851a1d" relativeResultsDirectory="b4af233e-48ef-4108-91ec-fb96aa83d6de" />
  </Results>
  <TestDefinitions>
    <UnitTest name="Ordering.FunctionalTests.OrderingScenarios.Ship_order_no_order_created_bad_request_response" storage="/src/src/services/ordering/ordering.functionaltests/bin/debug/netcoreapp2.1/ordering.functionaltests.dll" id="01ee4a4c-4b61-ec68-b1de-10796cc68607">
      <Execution id="efc6d694-46bb-4e10-b713-a757f6c3fe9c" />
      <TestMethod codeBase="/src/src/Services/Ordering/Ordering.FunctionalTests/bin/Debug/netcoreapp2.1/Ordering.FunctionalTests.dll" adapterTypeName="executor://xunit/VsTestRunner2/netcoreapp" className="Ordering.FunctionalTests" name="Ordering.FunctionalTests.OrderingScenarios.Ship_order_no_order_created_bad_request_response" />
    </UnitTest>
    <UnitTest name="Ordering.FunctionalTests.OrderingScenarios.Cancel_order_no_order_created_bad_request_response" storage="/src/src/services/ordering/ordering.functionaltests/bin/debug/netcoreapp2.1/ordering.functionaltests.dll" id="8c1a2207-d19c-0b78-dd96-df617732922c">
      <Execution id="2d941960-e9d8-4937-bf05-f1ff88d5f11c" />
      <TestMethod codeBase="/src/src/Services/Ordering/Ordering.FunctionalTests/bin/Debug/netcoreapp2.1/Ordering.FunctionalTests.dll" adapterTypeName="executor://xunit/VsTestRunner2/netcoreapp" className="Ordering.FunctionalTests" name="Ordering.FunctionalTests.OrderingScenarios.Cancel_order_no_order_created_bad_request_response" />
    </UnitTest>
    <UnitTest name="Ordering.FunctionalTests.OrderingScenarios.Get_get_all_stored_orders_and_response_ok_status_code" storage="/src/src/services/ordering/ordering.functionaltests/bin/debug/netcoreapp2.1/ordering.functionaltests.dll" id="37ee8be5-0517-c735-d707-a8dcd6ba7613">
      <Execution id="b4af233e-48ef-4108-91ec-fb96aa83d6de" />
      <TestMethod codeBase="/src/src/Services/Ordering/Ordering.FunctionalTests/bin/Debug/netcoreapp2.1/Ordering.FunctionalTests.dll" adapterTypeName="executor://xunit/VsTestRunner2/netcoreapp" className="Ordering.FunctionalTests" name="Ordering.FunctionalTests.OrderingScenarios.Get_get_all_stored_orders_and_response_ok_status_code" />
    </UnitTest>
  </TestDefinitions>
  <TestEntries>
    <TestEntry testId="01ee4a4c-4b61-ec68-b1de-10796cc68607" executionId="efc6d694-46bb-4e10-b713-a757f6c3fe9c" testListId="8c84fa94-04c1-424b-9868-57a2d4851a1d" />
    <TestEntry testId="8c1a2207-d19c-0b78-dd96-df617732922c" executionId="2d941960-e9d8-4937-bf05-f1ff88d5f11c" testListId="8c84fa94-04c1-424b-9868-57a2d4851a1d" />
    <TestEntry testId="37ee8be5-0517-c735-d707-a8dcd6ba7613" executionId="b4af233e-48ef-4108-91ec-fb96aa83d6de" testListId="8c84fa94-04c1-424b-9868-57a2d4851a1d" />
  </TestEntries>
  <TestLists>
    <TestList name="Results Not in a List" id="8c84fa94-04c1-424b-9868-57a2d4851a1d" />
    <TestList name="All Loaded Results" id="19431567-8539-422a-85d7-44ee4e166bda" />
  </TestLists>
  <ResultSummary outcome="Completed">
    <Counters total="3" executed="3" passed="3" failed="0" error="0" timeout="0" aborted="0" inconclusive="0" passedButRunAborted="0" notRunnable="0" notExecuted="0" disconnected="0" warning="0" completed="0" inProgress="0" pending="0" />
    <Output>
      <StdOut>[xUnit.net 00:00:01.3468941]   Discovering: Ordering.FunctionalTests[xUnit.net 00:00:01.3968465]   Discovered:  Ordering.FunctionalTests[xUnit.net 00:00:01.4008405]   Starting:    Ordering.FunctionalTests[xUnit.net 00:00:18.8178505]   Finished:    Ordering.FunctionalTests</StdOut>
    </Output>
  </ResultSummary>
</TestRun>